2024-02-01 15:02:24,277 INFO  [Log4j] Login completed 
2024-02-01 15:02:24,372 INFO  [Log4j] Logout completed 
2024-02-01 16:27:08,163 INFO  [Log4j] Application opened 
2024-02-01 16:27:08,958 INFO  [Log4j] Login completed 
2024-02-01 16:27:09,775 INFO  [Log4j] Logout completed 
2024-02-01 16:27:09,921 INFO  [Log4j] Application closed 
2024-02-01 16:28:45,942 INFO  [Log4j] Application opened 
2024-02-01 16:28:47,444 INFO  [Log4j] Login completed 
2024-02-01 16:28:47,522 INFO  [Log4j] Logout completed 
2024-02-01 16:28:47,645 INFO  [Log4j] Application closed 
2024-02-01 16:34:31,755 INFO  [Log4j] Application opened 
2024-02-01 16:34:33,359 INFO  [Log4j] Login completed 
2024-02-01 16:34:33,449 INFO  [Log4j] Logout completed 
2024-02-01 16:34:33,574 INFO  [Log4j] Application closed 
2024-02-01 16:36:11,652 INFO  [Log4j] Application opened 
2024-02-01 16:36:12,302 INFO  [Log4j] Login completed 
2024-02-01 16:36:12,996 INFO  [Log4j] Logout completed 
2024-02-01 16:36:13,105 INFO  [Log4j] Application closed 
2024-02-01 16:53:33,161 INFO  [Log] Application Opened  
2024-02-01 16:53:34,435 INFO  [Log] Login completed  
2024-02-01 16:53:34,542 INFO  [Log] Logout completed  
2024-02-01 16:53:34,726 INFO  [Log] Application closed  
2024-02-01 16:54:14,575 INFO  [Log] Application Opened  
2024-02-01 16:54:16,032 INFO  [Log] Login completed  
2024-02-01 16:54:16,114 INFO  [Log] Logout completed  
2024-02-01 16:54:16,233 INFO  [Log] Application closed  
2024-02-01 16:56:50,940 INFO  [Log] Application Opened  
2024-02-01 16:56:52,081 INFO  [Log] Login completed  
2024-02-01 16:56:52,159 INFO  [Log] Logout completed  
2024-02-01 16:56:52,334 INFO  [Log] Application closed  
2024-02-01 19:37:16,454 INFO  [Log] Application Opened  
2024-02-01 19:37:17,651 INFO  [Log] Login completed  
2024-02-01 19:37:17,731 INFO  [Log] Logout completed  
2024-02-01 19:37:17,912 INFO  [Log] Application closed  
